#
# There is insufficient memory for the Java Runtime Environment to continue.
# Native memory allocation (malloc) failed to allocate 874736 bytes. Error detail: Chunk::new
# Possible reasons:
#   The system is out of physical RAM or swap space
#   This process is running with CompressedOops enabled, and the Java Heap may be blocking the growth of the native heap
# Possible solutions:
#   Reduce memory load on the system
#   Increase physical memory or swap space
#   Check if swap backing store is full
#   Decrease Java heap size (-Xmx/-Xms)
#   Decrease number of Java threads
#   Decrease Java thread stack sizes (-Xss)
#   Set larger code cache with -XX:ReservedCodeCacheSize=
#   JVM is running with Unscaled Compressed Oops mode in which the Java heap is
#     placed in the first 4GB address space. The Java Heap base address is the
#     maximum limit for the native heap growth. Please use -XX:HeapBaseMinAddress
#     to set the Java Heap base and to place the Java Heap above 4GB virtual address.
# This output file may be truncated or incomplete.
#
#  Out of Memory Error (arena.cpp:168), pid=16916, tid=42276
#
# JRE version: OpenJDK Runtime Environment Temurin-21.0.9+10 (21.0.9+10) (build 21.0.9+10-LTS)
# Java VM: OpenJDK 64-Bit Server VM Temurin-21.0.9+10 (21.0.9+10-LTS, mixed mode, sharing, tiered, compressed oops, compressed class ptrs, parallel gc, windows-amd64)
# No core dump will be written. Minidumps are not enabled by default on client versions of Windows
#

---------------  S U M M A R Y ------------

Command Line: --add-modules=ALL-SYSTEM --add-opens=java.base/java.util=ALL-UNNAMED --add-opens=java.base/java.lang=ALL-UNNAMED --add-opens=java.base/sun.nio.fs=ALL-UNNAMED -Declipse.application=org.eclipse.jdt.ls.core.id1 -Dosgi.bundles.defaultStartLevel=4 -Declipse.product=org.eclipse.jdt.ls.core.product -Djava.import.generatesMetadataFilesAtProjectRoot=false -DDetectVMInstallationsJob.disabled=true -Dfile.encoding=utf8 -XX:+UseParallelGC -XX:GCTimeRatio=4 -XX:AdaptiveSizePolicyWeight=90 -Dsun.zip.disableMemoryMapping=true -Xmx2G -Xms100m -Xlog:disable -javaagent:c:\Users\ADMIN\.cursor\extensions\redhat.java-1.50.0-win32-x64\lombok\lombok-1.18.39-4050.jar -XX:+HeapDumpOnOutOfMemoryError -XX:HeapDumpPath=c:\Users\ADMIN\AppData\Roaming\Cursor\User\workspaceStorage\938e2f428bc433b67d86b23e5410d8d8\redhat.java -Daether.dependencyCollector.impl=bf c:\Users\ADMIN\.cursor\extensions\redhat.java-1.50.0-win32-x64\server\plugins\org.eclipse.equinox.launcher_1.7.100.v20251111-0406.jar -configuration c:\Users\ADMIN\AppData\Roaming\Cursor\User\globalStorage\redhat.java\1.50.0\config_win -data c:\Users\ADMIN\AppData\Roaming\Cursor\User\workspaceStorage\938e2f428bc433b67d86b23e5410d8d8\redhat.java\jdt_ws --pipe=\\.\pipe\lsp-9d9502bfdc500e37cee375bfdf1f92c4-sock

Host: AMD Ryzen 7 4800H with Radeon Graphics         , 16 cores, 15G,  Windows 11 , 64 bit Build 26100 (10.0.26100.5074)
Time: Tue Dec  2 21:19:18 2025 SE Asia Standard Time elapsed time: 8.415005 seconds (0d 0h 0m 8s)

---------------  T H R E A D  ---------------

Current thread (0x000001fce97626f0):  JavaThread "C2 CompilerThread1" daemon [_thread_in_native, id=42276, stack(0x0000001149000000,0x0000001149100000) (1024K)]


Current CompileTask:
C2:8415 6182       4       java.lang.invoke.MethodType::makeImpl (109 bytes)

Stack: [0x0000001149000000,0x0000001149100000]
Native frames: (J=compiled Java code, j=interpreted, Vv=VM code, C=native code)
V  [jvm.dll+0x6d6e29]
V  [jvm.dll+0x8b4b76]
V  [jvm.dll+0x8b712e]
V  [jvm.dll+0x8b7813]
V  [jvm.dll+0x283d86]
V  [jvm.dll+0xc66ed]
V  [jvm.dll+0xc6c31]
V  [jvm.dll+0x2facee]
V  [jvm.dll+0x5fde44]
V  [jvm.dll+0x255557]
V  [jvm.dll+0x24d994]
V  [jvm.dll+0x24b482]
V  [jvm.dll+0x1cb13e]
V  [jvm.dll+0x25b29d]
V  [jvm.dll+0x25982a]
V  [jvm.dll+0x3f7ea6]
V  [jvm.dll+0x85e9ad]
V  [jvm.dll+0x6d565d]
C  [ucrtbase.dll+0x37b0]
C  [KERNEL32.DLL+0x2e8d7]
C  [ntdll.dll+0x8d9c]


---------------  P R O C E S S  ---------------

Threads class SMR info:
_java_thread_list=0x000001fceabcb660, length=50, elements={
0x000001fccb2028c0, 0x000001fccb2be2c0, 0x000001fccb1967b0, 0x000001fccb19a090,
0x000001fccb19af60, 0x000001fccb19fde0, 0x000001fccb1a6b40, 0x000001fce2f69630,
0x000001fccb1ae540, 0x000001fce3065b60, 0x000001fce3067d40, 0x000001fce31bc760,
0x000001fce91a7f00, 0x000001fce95d9f10, 0x000001fce98bb2e0, 0x000001fce98070f0,
0x000001fce9807f30, 0x000001fcea07b010, 0x000001fce9ee7e10, 0x000001fce9bc65a0,
0x000001fce9bc5880, 0x000001fce9bc72c0, 0x000001fce97626f0, 0x000001fcea2056d0,
0x000001fce9bc5f10, 0x000001fce9bc3e40, 0x000001fce9bc6c30, 0x000001fce9bc51f0,
0x000001fce9bc4b60, 0x000001fceba296f0, 0x000001fceba29d80, 0x000001fceba26900,
0x000001fceba26f90, 0x000001fceba27620, 0x000001fceba27cb0, 0x000001fceba28340,
0x000001fceba289d0, 0x000001fceba29060, 0x000001fce9bb0930, 0x000001fce9bb0fc0,
0x000001fce9baf580, 0x000001fce9bafc10, 0x000001fce9bb02a0, 0x000001fce9bb2a00,
0x000001fce9bb3720, 0x000001fce9bb2370, 0x000001fce9bb3090, 0x000001fce9bb1650,
0x000001fce9bb4440, 0x000001fce9bb5160
}

Java Threads: ( => current thread )
  0x000001fccb2028c0 JavaThread "main"                              [_thread_blocked, id=37704, stack(0x0000001146b00000,0x0000001146c00000) (1024K)]
  0x000001fccb2be2c0 JavaThread "Reference Handler"          daemon [_thread_blocked, id=27980, stack(0x0000001146f00000,0x0000001147000000) (1024K)]
  0x000001fccb1967b0 JavaThread "Finalizer"                  daemon [_thread_blocked, id=20760, stack(0x0000001147000000,0x0000001147100000) (1024K)]
  0x000001fccb19a090 JavaThread "Signal Dispatcher"          daemon [_thread_blocked, id=40228, stack(0x0000001147100000,0x0000001147200000) (1024K)]
  0x000001fccb19af60 JavaThread "Attach Listener"            daemon [_thread_blocked, id=21820, stack(0x0000001147200000,0x0000001147300000) (1024K)]
  0x000001fccb19fde0 JavaThread "Service Thread"             daemon [_thread_blocked, id=30736, stack(0x0000001147300000,0x0000001147400000) (1024K)]
  0x000001fccb1a6b40 JavaThread "Monitor Deflation Thread"   daemon [_thread_blocked, id=42088, stack(0x0000001147400000,0x0000001147500000) (1024K)]
  0x000001fce2f69630 JavaThread "C2 CompilerThread0"         daemon [_thread_in_native, id=31240, stack(0x0000001147500000,0x0000001147600000) (1024K)]
  0x000001fccb1ae540 JavaThread "C1 CompilerThread0"         daemon [_thread_blocked, id=42572, stack(0x0000001147600000,0x0000001147700000) (1024K)]
  0x000001fce3065b60 JavaThread "C1 CompilerThread1"         daemon [_thread_blocked, id=39324, stack(0x0000001147700000,0x0000001147800000) (1024K)]
  0x000001fce3067d40 JavaThread "C1 CompilerThread2"         daemon [_thread_blocked, id=16480, stack(0x0000001147800000,0x0000001147900000) (1024K)]
  0x000001fce31bc760 JavaThread "Common-Cleaner"             daemon [_thread_blocked, id=7796, stack(0x0000001147a00000,0x0000001147b00000) (1024K)]
  0x000001fce91a7f00 JavaThread "Notification Thread"        daemon [_thread_blocked, id=25992, stack(0x0000001147b00000,0x0000001147c00000) (1024K)]
  0x000001fce95d9f10 JavaThread "Active Thread: Equinox Container: 100880f5-420b-4634-9d8c-3b668f84dbbd"        [_thread_blocked, id=31328, stack(0x0000001148200000,0x0000001148300000) (1024K)]
  0x000001fce98bb2e0 JavaThread "Refresh Thread: Equinox Container: 100880f5-420b-4634-9d8c-3b668f84dbbd" daemon [_thread_blocked, id=19396, stack(0x0000001148400000,0x0000001148500000) (1024K)]
  0x000001fce98070f0 JavaThread "Framework Event Dispatcher: Equinox Container: 100880f5-420b-4634-9d8c-3b668f84dbbd" daemon [_thread_blocked, id=40256, stack(0x0000001148500000,0x0000001148600000) (1024K)]
  0x000001fce9807f30 JavaThread "Start Level: Equinox Container: 100880f5-420b-4634-9d8c-3b668f84dbbd" daemon [_thread_blocked, id=21840, stack(0x0000001148600000,0x0000001148700000) (1024K)]
  0x000001fcea07b010 JavaThread "Bundle File Closer"         daemon [_thread_blocked, id=13240, stack(0x0000001148a00000,0x0000001148b00000) (1024K)]
  0x000001fce9ee7e10 JavaThread "SCR Component Actor"        daemon [_thread_blocked, id=22816, stack(0x0000001148b00000,0x0000001148c00000) (1024K)]
  0x000001fce9bc65a0 JavaThread "Worker-JM"                         [_thread_blocked, id=29244, stack(0x0000001148d00000,0x0000001148e00000) (1024K)]
  0x000001fce9bc5880 JavaThread "Worker-0"                          [_thread_blocked, id=33100, stack(0x0000001147900000,0x0000001147a00000) (1024K)]
  0x000001fce9bc72c0 JavaThread "Worker-1"                          [_thread_blocked, id=33292, stack(0x0000001148e00000,0x0000001148f00000) (1024K)]
=>0x000001fce97626f0 JavaThread "C2 CompilerThread1"         daemon [_thread_in_native, id=42276, stack(0x0000001149000000,0x0000001149100000) (1024K)]
  0x000001fcea2056d0 JavaThread "C1 CompilerThread3"         daemon [_thread_blocked, id=32336, stack(0x0000001149100000,0x0000001149200000) (1024K)]
  0x000001fce9bc5f10 JavaThread "Java indexing"              daemon [_thread_blocked, id=35980, stack(0x0000001149200000,0x0000001149300000) (1024K)]
  0x000001fce9bc3e40 JavaThread "Worker-2"                          [_thread_blocked, id=42544, stack(0x0000001149300000,0x0000001149400000) (1024K)]
  0x000001fce9bc6c30 JavaThread "Worker-3"                          [_thread_blocked, id=26936, stack(0x0000001149400000,0x0000001149500000) (1024K)]
  0x000001fce9bc51f0 JavaThread "JNA Cleaner"                daemon [_thread_blocked, id=17480, stack(0x0000001149500000,0x0000001149600000) (1024K)]
  0x000001fce9bc4b60 JavaThread "Worker-4"                          [_thread_blocked, id=27896, stack(0x0000001149800000,0x0000001149900000) (1024K)]
  0x000001fceba296f0 JavaThread "Worker-5"                          [_thread_blocked, id=4376, stack(0x0000001149900000,0x0000001149a00000) (1024K)]
  0x000001fceba29d80 JavaThread "Thread-1"                   daemon [_thread_in_native, id=42644, stack(0x0000001149a00000,0x0000001149b00000) (1024K)]
  0x000001fceba26900 JavaThread "Thread-2"                   daemon [_thread_in_native, id=22348, stack(0x0000001149b00000,0x0000001149c00000) (1024K)]
  0x000001fceba26f90 JavaThread "Thread-3"                   daemon [_thread_in_native, id=5200, stack(0x0000001149c00000,0x0000001149d00000) (1024K)]
  0x000001fceba27620 JavaThread "Thread-4"                   daemon [_thread_in_native, id=15940, stack(0x0000001149d00000,0x0000001149e00000) (1024K)]
  0x000001fceba27cb0 JavaThread "Thread-5"                   daemon [_thread_in_native, id=34132, stack(0x0000001149e00000,0x0000001149f00000) (1024K)]
  0x000001fceba28340 JavaThread "Thread-6"                   daemon [_thread_in_native, id=34380, stack(0x0000001149f00000,0x000000114a000000) (1024K)]
  0x000001fceba289d0 JavaThread "Thread-7"                   daemon [_thread_in_native, id=34568, stack(0x000000114a000000,0x000000114a100000) (1024K)]
  0x000001fceba29060 JavaThread "Thread-8"                   daemon [_thread_in_native, id=32420, stack(0x000000114a100000,0x000000114a200000) (1024K)]
  0x000001fce9bb0930 JavaThread "Thread-9"                   daemon [_thread_in_native, id=42976, stack(0x000000114a200000,0x000000114a300000) (1024K)]
  0x000001fce9bb0fc0 JavaThread "Thread-10"                  daemon [_thread_in_native, id=34360, stack(0x000000114a300000,0x000000114a400000) (1024K)]
  0x000001fce9baf580 JavaThread "Thread-11"                  daemon [_thread_in_native, id=1724, stack(0x000000114a400000,0x000000114a500000) (1024K)]
  0x000001fce9bafc10 JavaThread "Thread-12"                  daemon [_thread_in_native, id=15364, stack(0x000000114a500000,0x000000114a600000) (1024K)]
  0x000001fce9bb02a0 JavaThread "Thread-13"                  daemon [_thread_in_native, id=39440, stack(0x000000114a600000,0x000000114a700000) (1024K)]
  0x000001fce9bb2a00 JavaThread "Thread-14"                  daemon [_thread_in_native, id=31468, stack(0x000000114a700000,0x000000114a800000) (1024K)]
  0x000001fce9bb3720 JavaThread "Thread-15"                  daemon [_thread_in_native, id=37972, stack(0x000000114a800000,0x000000114a900000) (1024K)]
  0x000001fce9bb2370 JavaThread "Thread-16"                  daemon [_thread_in_native, id=20668, stack(0x000000114a900000,0x000000114aa00000) (1024K)]
  0x000001fce9bb3090 JavaThread "Thread-17"                  daemon [_thread_in_native, id=18700, stack(0x000000114aa00000,0x000000114ab00000) (1024K)]
  0x000001fce9bb1650 JavaThread "pool-2-thread-1"                   [_thread_blocked, id=27852, stack(0x000000114ab00000,0x000000114ac00000) (1024K)]
  0x000001fce9bb4440 JavaThread "WorkspaceEventsHandler"            [_thread_blocked, id=42684, stack(0x000000114ac00000,0x000000114ad00000) (1024K)]
  0x000001fce9bb5160 JavaThread "pool-1-thread-1"                   [_thread_in_native, id=31320, stack(0x000000114ad00000,0x000000114ae00000) (1024K)]
Total: 50

Other Threads:
  0x000001fccb2a5b80 VMThread "VM Thread"                           [id=38000, stack(0x0000001146e00000,0x0000001146f00000) (1024K)]
  0x000001fccb08ca00 WatcherThread "VM Periodic Task Thread"        [id=37608, stack(0x0000001146d00000,0x0000001146e00000) (1024K)]
  0x000001fccb221020 WorkerThread "GC Thread#0"                     [id=39232, stack(0x0000001146c00000,0x0000001146d00000) (1024K)]
  0x000001fce96b6f20 WorkerThread "GC Thread#1"                     [id=30508, stack(0x0000001147c00000,0x0000001147d00000) (1024K)]
  0x000001fce96701c0 WorkerThread "GC Thread#2"                     [id=42284, stack(0x0000001147d00000,0x0000001147e00000) (1024K)]
  0x000001fce95da9b0 WorkerThread "GC Thread#3"                     [id=7492, stack(0x0000001147e00000,0x0000001147f00000) (1024K)]
  0x000001fce95dad50 WorkerThread "GC Thread#4"                     [id=28576, stack(0x0000001147f00000,0x0000001148000000) (1024K)]
  0x000001fce95db900 WorkerThread "GC Thread#5"                     [id=38768, stack(0x0000001148000000,0x0000001148100000) (1024K)]
  0x000001fce9851cd0 WorkerThread "GC Thread#6"                     [id=17728, stack(0x0000001148100000,0x0000001148200000) (1024K)]
  0x000001fce98edcf0 WorkerThread "GC Thread#7"                     [id=42564, stack(0x0000001148300000,0x0000001148400000) (1024K)]
  0x000001fce98d10b0 WorkerThread "GC Thread#8"                     [id=36236, stack(0x0000001148700000,0x0000001148800000) (1024K)]
  0x000001fce98d0d10 WorkerThread "GC Thread#9"                     [id=22488, stack(0x0000001148800000,0x0000001148900000) (1024K)]
  0x000001fce98d17f0 WorkerThread "GC Thread#10"                    [id=27020, stack(0x0000001148900000,0x0000001148a00000) (1024K)]
  0x000001fce98d1f30 WorkerThread "GC Thread#11"                    [id=13048, stack(0x0000001148c00000,0x0000001148d00000) (1024K)]
  0x000001fce98d1b90 WorkerThread "GC Thread#12"                    [id=41756, stack(0x0000001148f00000,0x0000001149000000) (1024K)]
Total: 15

Threads with active compile tasks:
C2 CompilerThread0  8447 6113       4       java.lang.invoke.MemberName::getMethodOrFieldType (72 bytes)
C1 CompilerThread1  8447 6225   !   3       sun.nio.fs.WindowsPath::getPathForWin32Calls (147 bytes)
C2 CompilerThread1  8447 6182       4       java.lang.invoke.MethodType::makeImpl (109 bytes)
Total: 3

VM state: not at safepoint (normal execution)

VM Mutex/Monitor currently owned by a thread: None

Heap address: 0x0000000080000000, size: 2048 MB, Compressed Oops mode: 32-bit

CDS archive(s) mapped at: [0x000001fc80000000-0x000001fc80ba0000-0x000001fc80ba0000), size 12189696, SharedBaseAddress: 0x000001fc80000000, ArchiveRelocationMode: 1.
Compressed class space mapped at: 0x000001fc81000000-0x000001fcc1000000, reserved size: 1073741824
Narrow klass base: 0x000001fc80000000, Narrow klass shift: 0, Narrow klass range: 0x100000000

GC Precious Log:
 CardTable entry size: 512
 CPUs: 16 total, 16 available
 Memory: 15791M
 Large Page Support: Disabled
 NUMA Support: Disabled
 Compressed Oops: Enabled (32-bit)
 Alignments: Space 512K, Generation 512K, Heap 2M
 Heap Min Capacity: 100M
 Heap Initial Capacity: 100M
 Heap Max Capacity: 2G
 Pre-touch: Disabled
 Parallel Workers: 13

Heap:
 PSYoungGen      total 24576K, used 23280K [0x00000000d5580000, 0x00000000d7000000, 0x0000000100000000)
  eden space 22016K, 99% used [0x00000000d5580000,0x00000000d6acc160,0x00000000d6b00000)
  from space 2560K, 57% used [0x00000000d6b80000,0x00000000d6cf0000,0x00000000d6e00000)
  to   space 2048K, 0% used [0x00000000d6e00000,0x00000000d6e00000,0x00000000d7000000)
 ParOldGen       total 68608K, used 20241K [0x0000000080000000, 0x0000000084300000, 0x00000000d5580000)
  object space 68608K, 29% used [0x0000000080000000,0x00000000813c4518,0x0000000084300000)
 Metaspace       used 44335K, committed 45440K, reserved 1114112K
  class space    used 4844K, committed 5312K, reserved 1048576K

Card table byte_map: [0x000001fccaba0000,0x000001fccafb0000] _byte_map_base: 0x000001fcca7a0000

Marking Bits: (ParMarkBitMap*) 0x00007fffbb9e2460
 Begin Bits: [0x000001fcdd6b0000, 0x000001fcdf6b0000)
 End Bits:   [0x000001fcdf6b0000, 0x000001fce16b0000)

Polling page: 0x000001fcc9280000

Metaspace:

Usage:
  Non-class:     38.57 MB used.
      Class:      4.73 MB used.
       Both:     43.30 MB used.

Virtual space:
  Non-class space:       64.00 MB reserved,      39.19 MB ( 61%) committed,  1 nodes.
      Class space:        1.00 GB reserved,       5.19 MB ( <1%) committed,  1 nodes.
             Both:        1.06 GB reserved,      44.38 MB (  4%) committed. 

Chunk freelists:
   Non-Class:  8.52 MB
       Class:  10.70 MB
        Both:  19.22 MB

MaxMetaspaceSize: unlimited
CompressedClassSpaceSize: 1.00 GB
Initial GC threshold: 21.00 MB
Current GC threshold: 58.38 MB
CDS: on
 - commit_granule_bytes: 65536.
 - commit_granule_words: 8192.
 - virtual_space_node_default_size: 8388608.
 - enlarge_chunks_in_place: 1.
 - use_allocation_guard: 0.


Internal statistics:

num_allocs_failed_limit: 6.
num_arena_births: 768.
num_arena_deaths: 14.
num_vsnodes_births: 2.
num_vsnodes_deaths: 0.
num_space_committed: 710.
num_space_uncommitted: 0.
num_chunks_returned_to_freelist: 20.
num_chunks_taken_from_freelist: 2706.
num_chunk_merges: 11.
num_chunk_splits: 1695.
num_chunks_enlarged: 1018.
num_inconsistent_stats: 0.

CodeHeap 'non-profiled nmethods': size=119168Kb used=2413Kb max_used=2413Kb free=116754Kb
 bounds [0x000001fcd5fa0000, 0x000001fcd6210000, 0x000001fcdd400000]
CodeHeap 'profiled nmethods': size=119104Kb used=11783Kb max_used=11783Kb free=107320Kb
 bounds [0x000001fcce400000, 0x000001fccef90000, 0x000001fcd5850000]
CodeHeap 'non-nmethods': size=7488Kb used=3049Kb max_used=3118Kb free=4438Kb
 bounds [0x000001fcd5850000, 0x000001fcd5b60000, 0x000001fcd5fa0000]
CodeCache: size=245760Kb, used=17245Kb, max_used=17314Kb, free=228512Kb
 total_blobs=6309, nmethods=5648, adapters=564, full_count=0
Compilation: enabled, stopped_count=0, restarted_count=0

Compilation events (20 events):
Event: 8.377 Thread 0x000001fce3067d40 6208       3       java.util.Locale::hashCode (41 bytes)
Event: 8.378 Thread 0x000001fce3067d40 nmethod 6208 0x000001fccef79610 code [0x000001fccef797e0, 0x000001fccef799e0]
Event: 8.385 Thread 0x000001fcea2056d0 6210       3       java.io.Writer::write (11 bytes)
Event: 8.385 Thread 0x000001fce3065b60 6211       3       org.eclipse.osgi.internal.log.EquinoxLogWriter::write (27 bytes)
Event: 8.385 Thread 0x000001fccb1ae540 6212   !   3       java.io.BufferedWriter::write (82 bytes)
Event: 8.385 Thread 0x000001fce3067d40 6213       3       java.io.BufferedWriter::implWrite (100 bytes)
Event: 8.386 Thread 0x000001fcea2056d0 nmethod 6210 0x000001fccef79b10 code [0x000001fccef79ce0, 0x000001fccef79fc0]
Event: 8.386 Thread 0x000001fcea2056d0 6214       3       java.io.BufferedWriter::growIfNeeded (63 bytes)
Event: 8.386 Thread 0x000001fce3065b60 nmethod 6211 0x000001fccef7a110 code [0x000001fccef7a300, 0x000001fccef7a718]
Event: 8.386 Thread 0x000001fce3067d40 nmethod 6213 0x000001fccef7a910 code [0x000001fccef7ab20, 0x000001fccef7b038]
Event: 8.386 Thread 0x000001fce3065b60 6215       3       java.io.BufferedWriter::min (9 bytes)
Event: 8.386 Thread 0x000001fce3067d40 6216       3       java.util.Calendar::complete (40 bytes)
Event: 8.386 Thread 0x000001fce3065b60 nmethod 6215 0x000001fccef7b290 code [0x000001fccef7b440, 0x000001fccef7b5a8]
Event: 8.386 Thread 0x000001fcea2056d0 nmethod 6214 0x000001fccef7b610 code [0x000001fccef7b7c0, 0x000001fccef7ba60]
Event: 8.386 Thread 0x000001fccb1ae540 nmethod 6212 0x000001fccef7bb90 code [0x000001fccef7be40, 0x000001fccef7ccb8]
Event: 8.386 Thread 0x000001fce3067d40 nmethod 6216 0x000001fccef7d190 code [0x000001fccef7d360, 0x000001fccef7d618]
Event: 8.386 Thread 0x000001fce3067d40 6217   !   3       jdk.internal.reflect.MethodHandleObjectFieldAccessorImpl::get (46 bytes)
Event: 8.388 Thread 0x000001fce3067d40 nmethod 6217 0x000001fccef7d710 code [0x000001fccef7d9c0, 0x000001fccef7e6a0]
Event: 8.391 Thread 0x000001fce3065b60 6218       3       java.lang.String::lastIndexOf (29 bytes)
Event: 8.392 Thread 0x000001fce3065b60 nmethod 6218 0x000001fccef7ee10 code [0x000001fccef7efe0, 0x000001fccef7f278]

GC Heap History (20 events):
Event: 5.074 GC heap before
{Heap before GC invocations=10 (full 1):
 PSYoungGen      total 28672K, used 24064K [0x00000000d5580000, 0x00000000d7900000, 0x0000000100000000)
  eden space 24064K, 100% used [0x00000000d5580000,0x00000000d6d00000,0x00000000d6d00000)
  from space 4608K, 0% used [0x00000000d7480000,0x00000000d7480000,0x00000000d7900000)
  to   space 5632K, 0% used [0x00000000d6e00000,0x00000000d6e00000,0x00000000d7380000)
 ParOldGen       total 68608K, used 13151K [0x0000000080000000, 0x0000000084300000, 0x00000000d5580000)
  object space 68608K, 19% used [0x0000000080000000,0x0000000080cd7d50,0x0000000084300000)
 Metaspace       used 24598K, committed 25408K, reserved 1114112K
  class space    used 2421K, committed 2752K, reserved 1048576K
}
Event: 5.076 GC heap after
{Heap after GC invocations=10 (full 1):
 PSYoungGen      total 24064K, used 384K [0x00000000d5580000, 0x00000000d7500000, 0x0000000100000000)
  eden space 23552K, 0% used [0x00000000d5580000,0x00000000d5580000,0x00000000d6c80000)
  from space 512K, 75% used [0x00000000d6e00000,0x00000000d6e60000,0x00000000d6e80000)
  to   space 2048K, 0% used [0x00000000d7300000,0x00000000d7300000,0x00000000d7500000)
 ParOldGen       total 68608K, used 13159K [0x0000000080000000, 0x0000000084300000, 0x00000000d5580000)
  object space 68608K, 19% used [0x0000000080000000,0x0000000080cd9d50,0x0000000084300000)
 Metaspace       used 24598K, committed 25408K, reserved 1114112K
  class space    used 2421K, committed 2752K, reserved 1048576K
}
Event: 5.401 GC heap before
{Heap before GC invocations=11 (full 1):
 PSYoungGen      total 24064K, used 23936K [0x00000000d5580000, 0x00000000d7500000, 0x0000000100000000)
  eden space 23552K, 100% used [0x00000000d5580000,0x00000000d6c80000,0x00000000d6c80000)
  from space 512K, 75% used [0x00000000d6e00000,0x00000000d6e60000,0x00000000d6e80000)
  to   space 2048K, 0% used [0x00000000d7300000,0x00000000d7300000,0x00000000d7500000)
 ParOldGen       total 68608K, used 13159K [0x0000000080000000, 0x0000000084300000, 0x00000000d5580000)
  object space 68608K, 19% used [0x0000000080000000,0x0000000080cd9d50,0x0000000084300000)
 Metaspace       used 25944K, committed 26816K, reserved 1114112K
  class space    used 2528K, committed 2880K, reserved 1048576K
}
Event: 5.403 GC heap after
{Heap after GC invocations=11 (full 1):
 PSYoungGen      total 25088K, used 1946K [0x00000000d5580000, 0x00000000d7500000, 0x0000000100000000)
  eden space 23040K, 0% used [0x00000000d5580000,0x00000000d5580000,0x00000000d6c00000)
  from space 2048K, 95% used [0x00000000d7300000,0x00000000d74e6a48,0x00000000d7500000)
  to   space 2560K, 0% used [0x00000000d7000000,0x00000000d7000000,0x00000000d7280000)
 ParOldGen       total 68608K, used 13948K [0x0000000080000000, 0x0000000084300000, 0x00000000d5580000)
  object space 68608K, 20% used [0x0000000080000000,0x0000000080d9f260,0x0000000084300000)
 Metaspace       used 25944K, committed 26816K, reserved 1114112K
  class space    used 2528K, committed 2880K, reserved 1048576K
}
Event: 5.726 GC heap before
{Heap before GC invocations=12 (full 1):
 PSYoungGen      total 25088K, used 24986K [0x00000000d5580000, 0x00000000d7500000, 0x0000000100000000)
  eden space 23040K, 100% used [0x00000000d5580000,0x00000000d6c00000,0x00000000d6c00000)
  from space 2048K, 95% used [0x00000000d7300000,0x00000000d74e6a48,0x00000000d7500000)
  to   space 2560K, 0% used [0x00000000d7000000,0x00000000d7000000,0x00000000d7280000)
 ParOldGen       total 68608K, used 13948K [0x0000000080000000, 0x0000000084300000, 0x00000000d5580000)
  object space 68608K, 20% used [0x0000000080000000,0x0000000080d9f260,0x0000000084300000)
 Metaspace       used 29813K, committed 30784K, reserved 1114112K
  class space    used 2971K, committed 3328K, reserved 1048576K
}
Event: 5.729 GC heap after
{Heap after GC invocations=12 (full 1):
 PSYoungGen      total 24064K, used 1120K [0x00000000d5580000, 0x00000000d7380000, 0x0000000100000000)
  eden space 22528K, 0% used [0x00000000d5580000,0x00000000d5580000,0x00000000d6b80000)
  from space 1536K, 72% used [0x00000000d7000000,0x00000000d7118000,0x00000000d7180000)
  to   space 1536K, 0% used [0x00000000d7200000,0x00000000d7200000,0x00000000d7380000)
 ParOldGen       total 68608K, used 15805K [0x0000000080000000, 0x0000000084300000, 0x00000000d5580000)
  object space 68608K, 23% used [0x0000000080000000,0x0000000080f6f528,0x0000000084300000)
 Metaspace       used 29813K, committed 30784K, reserved 1114112K
  class space    used 2971K, committed 3328K, reserved 1048576K
}
Event: 5.960 GC heap before
{Heap before GC invocations=13 (full 1):
 PSYoungGen      total 24064K, used 23648K [0x00000000d5580000, 0x00000000d7380000, 0x0000000100000000)
  eden space 22528K, 100% used [0x00000000d5580000,0x00000000d6b80000,0x00000000d6b80000)
  from space 1536K, 72% used [0x00000000d7000000,0x00000000d7118000,0x00000000d7180000)
  to   space 1536K, 0% used [0x00000000d7200000,0x00000000d7200000,0x00000000d7380000)
 ParOldGen       total 68608K, used 15805K [0x0000000080000000, 0x0000000084300000, 0x00000000d5580000)
  object space 68608K, 23% used [0x0000000080000000,0x0000000080f6f528,0x0000000084300000)
 Metaspace       used 32622K, committed 33600K, reserved 1114112K
  class space    used 3344K, committed 3712K, reserved 1048576K
}
Event: 5.963 GC heap after
{Heap after GC invocations=13 (full 1):
 PSYoungGen      total 23552K, used 1506K [0x00000000d5580000, 0x00000000d7380000, 0x0000000100000000)
  eden space 22016K, 0% used [0x00000000d5580000,0x00000000d5580000,0x00000000d6b00000)
  from space 1536K, 98% used [0x00000000d7200000,0x00000000d7378958,0x00000000d7380000)
  to   space 3072K, 0% used [0x00000000d6d80000,0x00000000d6d80000,0x00000000d7080000)
 ParOldGen       total 68608K, used 16817K [0x0000000080000000, 0x0000000084300000, 0x00000000d5580000)
  object space 68608K, 24% used [0x0000000080000000,0x000000008106c698,0x0000000084300000)
 Metaspace       used 32622K, committed 33600K, reserved 1114112K
  class space    used 3344K, committed 3712K, reserved 1048576K
}
Event: 6.188 GC heap before
{Heap before GC invocations=14 (full 1):
 PSYoungGen      total 23552K, used 23522K [0x00000000d5580000, 0x00000000d7380000, 0x0000000100000000)
  eden space 22016K, 100% used [0x00000000d5580000,0x00000000d6b00000,0x00000000d6b00000)
  from space 1536K, 98% used [0x00000000d7200000,0x00000000d7378958,0x00000000d7380000)
  to   space 3072K, 0% used [0x00000000d6d80000,0x00000000d6d80000,0x00000000d7080000)
 ParOldGen       total 68608K, used 16817K [0x0000000080000000, 0x0000000084300000, 0x00000000d5580000)
  object space 68608K, 24% used [0x0000000080000000,0x000000008106c698,0x0000000084300000)
 Metaspace       used 34446K, committed 35520K, reserved 1114112K
  class space    used 3575K, committed 4032K, reserved 1048576K
}
Event: 6.191 GC heap after
{Heap after GC invocations=14 (full 1):
 PSYoungGen      total 24064K, used 1792K [0x00000000d5580000, 0x00000000d7280000, 0x0000000100000000)
  eden space 22016K, 0% used [0x00000000d5580000,0x00000000d5580000,0x00000000d6b00000)
  from space 2048K, 87% used [0x00000000d6d80000,0x00000000d6f40000,0x00000000d6f80000)
  to   space 2560K, 0% used [0x00000000d7000000,0x00000000d7000000,0x00000000d7280000)
 ParOldGen       total 68608K, used 17936K [0x0000000080000000, 0x0000000084300000, 0x00000000d5580000)
  object space 68608K, 26% used [0x0000000080000000,0x0000000081184230,0x0000000084300000)
 Metaspace       used 34446K, committed 35520K, reserved 1114112K
  class space    used 3575K, committed 4032K, reserved 1048576K
}
Event: 6.226 GC heap before
{Heap before GC invocations=15 (full 1):
 PSYoungGen      total 24064K, used 5760K [0x00000000d5580000, 0x00000000d7280000, 0x0000000100000000)
  eden space 22016K, 18% used [0x00000000d5580000,0x00000000d5960208,0x00000000d6b00000)
  from space 2048K, 87% used [0x00000000d6d80000,0x00000000d6f40000,0x00000000d6f80000)
  to   space 2560K, 0% used [0x00000000d7000000,0x00000000d7000000,0x00000000d7280000)
 ParOldGen       total 68608K, used 17936K [0x0000000080000000, 0x0000000084300000, 0x00000000d5580000)
  object space 68608K, 26% used [0x0000000080000000,0x0000000081184230,0x0000000084300000)
 Metaspace       used 34796K, committed 35840K, reserved 1114112K
  class space    used 3625K, committed 4032K, reserved 1048576K
}
Event: 6.227 GC heap after
{Heap after GC invocations=15 (full 1):
 PSYoungGen      total 22528K, used 487K [0x00000000d5580000, 0x00000000d7080000, 0x0000000100000000)
  eden space 22016K, 0% used [0x00000000d5580000,0x00000000d5580000,0x00000000d6b00000)
  from space 512K, 95% used [0x00000000d7000000,0x00000000d7079ea0,0x00000000d7080000)
  to   space 1024K, 0% used [0x00000000d6e80000,0x00000000d6e80000,0x00000000d6f80000)
 ParOldGen       total 68608K, used 19528K [0x0000000080000000, 0x0000000084300000, 0x00000000d5580000)
  object space 68608K, 28% used [0x0000000080000000,0x0000000081312230,0x0000000084300000)
 Metaspace       used 34796K, committed 35840K, reserved 1114112K
  class space    used 3625K, committed 4032K, reserved 1048576K
}
Event: 6.227 GC heap before
{Heap before GC invocations=16 (full 2):
 PSYoungGen      total 22528K, used 487K [0x00000000d5580000, 0x00000000d7080000, 0x0000000100000000)
  eden space 22016K, 0% used [0x00000000d5580000,0x00000000d5580000,0x00000000d6b00000)
  from space 512K, 95% used [0x00000000d7000000,0x00000000d7079ea0,0x00000000d7080000)
  to   space 1024K, 0% used [0x00000000d6e80000,0x00000000d6e80000,0x00000000d6f80000)
 ParOldGen       total 68608K, used 19528K [0x0000000080000000, 0x0000000084300000, 0x00000000d5580000)
  object space 68608K, 28% used [0x0000000080000000,0x0000000081312230,0x0000000084300000)
 Metaspace       used 34796K, committed 35840K, reserved 1114112K
  class space    used 3625K, committed 4032K, reserved 1048576K
}
Event: 6.257 GC heap after
{Heap after GC invocations=16 (full 2):
 PSYoungGen      total 22528K, used 0K [0x00000000d5580000, 0x00000000d7080000, 0x0000000100000000)
  eden space 22016K, 0% used [0x00000000d5580000,0x00000000d5580000,0x00000000d6b00000)
  from space 512K, 0% used [0x00000000d7000000,0x00000000d7000000,0x00000000d7080000)
  to   space 1024K, 0% used [0x00000000d6e80000,0x00000000d6e80000,0x00000000d6f80000)
 ParOldGen       total 68608K, used 18377K [0x0000000080000000, 0x0000000084300000, 0x00000000d5580000)
  object space 68608K, 26% used [0x0000000080000000,0x00000000811f27f8,0x0000000084300000)
 Metaspace       used 34796K, committed 35840K, reserved 1114112K
  class space    used 3625K, committed 4032K, reserved 1048576K
}
Event: 6.453 GC heap before
{Heap before GC invocations=17 (full 2):
 PSYoungGen      total 22528K, used 22016K [0x00000000d5580000, 0x00000000d7080000, 0x0000000100000000)
  eden space 22016K, 100% used [0x00000000d5580000,0x00000000d6b00000,0x00000000d6b00000)
  from space 512K, 0% used [0x00000000d7000000,0x00000000d7000000,0x00000000d7080000)
  to   space 1024K, 0% used [0x00000000d6e80000,0x00000000d6e80000,0x00000000d6f80000)
 ParOldGen       total 68608K, used 18377K [0x0000000080000000, 0x0000000084300000, 0x00000000d5580000)
  object space 68608K, 26% used [0x0000000080000000,0x00000000811f27f8,0x0000000084300000)
 Metaspace       used 36793K, committed 37824K, reserved 1114112K
  class space    used 3892K, committed 4288K, reserved 1048576K
}
Event: 6.454 GC heap after
{Heap after GC invocations=17 (full 2):
 PSYoungGen      total 23040K, used 1024K [0x00000000d5580000, 0x00000000d7080000, 0x0000000100000000)
  eden space 22016K, 0% used [0x00000000d5580000,0x00000000d5580000,0x00000000d6b00000)
  from space 1024K, 100% used [0x00000000d6e80000,0x00000000d6f80000,0x00000000d6f80000)
  to   space 1024K, 0% used [0x00000000d6f80000,0x00000000d6f80000,0x00000000d7080000)
 ParOldGen       total 68608K, used 18425K [0x0000000080000000, 0x0000000084300000, 0x00000000d5580000)
  object space 68608K, 26% used [0x0000000080000000,0x00000000811fe7f8,0x0000000084300000)
 Metaspace       used 36793K, committed 37824K, reserved 1114112K
  class space    used 3892K, committed 4288K, reserved 1048576K
}
Event: 6.946 GC heap before
{Heap before GC invocations=18 (full 2):
 PSYoungGen      total 23040K, used 23040K [0x00000000d5580000, 0x00000000d7080000, 0x0000000100000000)
  eden space 22016K, 100% used [0x00000000d5580000,0x00000000d6b00000,0x00000000d6b00000)
  from space 1024K, 100% used [0x00000000d6e80000,0x00000000d6f80000,0x00000000d6f80000)
  to   space 1024K, 0% used [0x00000000d6f80000,0x00000000d6f80000,0x00000000d7080000)
 ParOldGen       total 68608K, used 18425K [0x0000000080000000, 0x0000000084300000, 0x00000000d5580000)
  object space 68608K, 26% used [0x0000000080000000,0x00000000811fe7f8,0x0000000084300000)
 Metaspace       used 39207K, committed 40256K, reserved 1114112K
  class space    used 4201K, committed 4608K, reserved 1048576K
}
Event: 6.948 GC heap after
{Heap after GC invocations=18 (full 2):
 PSYoungGen      total 23040K, used 1024K [0x00000000d5580000, 0x00000000d7080000, 0x0000000100000000)
  eden space 22016K, 0% used [0x00000000d5580000,0x00000000d5580000,0x00000000d6b00000)
  from space 1024K, 100% used [0x00000000d6f80000,0x00000000d7080000,0x00000000d7080000)
  to   space 2560K, 0% used [0x00000000d6b80000,0x00000000d6b80000,0x00000000d6e00000)
 ParOldGen       total 68608K, used 19314K [0x0000000080000000, 0x0000000084300000, 0x00000000d5580000)
  object space 68608K, 28% used [0x0000000080000000,0x00000000812dc818,0x0000000084300000)
 Metaspace       used 39207K, committed 40256K, reserved 1114112K
  class space    used 4201K, committed 4608K, reserved 1048576K
}
Event: 7.655 GC heap before
{Heap before GC invocations=19 (full 2):
 PSYoungGen      total 23040K, used 23040K [0x00000000d5580000, 0x00000000d7080000, 0x0000000100000000)
  eden space 22016K, 100% used [0x00000000d5580000,0x00000000d6b00000,0x00000000d6b00000)
  from space 1024K, 100% used [0x00000000d6f80000,0x00000000d7080000,0x00000000d7080000)
  to   space 2560K, 0% used [0x00000000d6b80000,0x00000000d6b80000,0x00000000d6e00000)
 ParOldGen       total 68608K, used 19314K [0x0000000080000000, 0x0000000084300000, 0x00000000d5580000)
  object space 68608K, 28% used [0x0000000080000000,0x00000000812dc818,0x0000000084300000)
 Metaspace       used 41823K, committed 42880K, reserved 1114112K
  class space    used 4556K, committed 4992K, reserved 1048576K
}
Event: 7.658 GC heap after
{Heap after GC invocations=19 (full 2):
 PSYoungGen      total 24576K, used 1472K [0x00000000d5580000, 0x00000000d7000000, 0x0000000100000000)
  eden space 22016K, 0% used [0x00000000d5580000,0x00000000d5580000,0x00000000d6b00000)
  from space 2560K, 57% used [0x00000000d6b80000,0x00000000d6cf0000,0x00000000d6e00000)
  to   space 2048K, 0% used [0x00000000d6e00000,0x00000000d6e00000,0x00000000d7000000)
 ParOldGen       total 68608K, used 20241K [0x0000000080000000, 0x0000000084300000, 0x00000000d5580000)
  object space 68608K, 29% used [0x0000000080000000,0x00000000813c4518,0x0000000084300000)
 Metaspace       used 41823K, committed 42880K, reserved 1114112K
  class space    used 4556K, committed 4992K, reserved 1048576K
}

Dll operation events (12 events):
Event: 0.018 Loaded shared library c:\Users\ADMIN\.cursor\extensions\redhat.java-1.50.0-win32-x64\jre\21.0.9-win32-x86_64\bin\java.dll
Event: 0.085 Loaded shared library c:\Users\ADMIN\.cursor\extensions\redhat.java-1.50.0-win32-x64\jre\21.0.9-win32-x86_64\bin\zip.dll
Event: 0.114 Loaded shared library C:\Users\ADMIN\.cursor\extensions\redhat.java-1.50.0-win32-x64\jre\21.0.9-win32-x86_64\bin\instrument.dll
Event: 0.128 Loaded shared library C:\Users\ADMIN\.cursor\extensions\redhat.java-1.50.0-win32-x64\jre\21.0.9-win32-x86_64\bin\net.dll
Event: 0.132 Loaded shared library C:\Users\ADMIN\.cursor\extensions\redhat.java-1.50.0-win32-x64\jre\21.0.9-win32-x86_64\bin\nio.dll
Event: 0.138 Loaded shared library C:\Users\ADMIN\.cursor\extensions\redhat.java-1.50.0-win32-x64\jre\21.0.9-win32-x86_64\bin\zip.dll
Event: 0.175 Loaded shared library C:\Users\ADMIN\.cursor\extensions\redhat.java-1.50.0-win32-x64\jre\21.0.9-win32-x86_64\bin\jimage.dll
Event: 0.333 Loaded shared library c:\Users\ADMIN\.cursor\extensions\redhat.java-1.50.0-win32-x64\jre\21.0.9-win32-x86_64\bin\verify.dll
Event: 2.014 Loaded shared library C:\Users\ADMIN\AppData\Roaming\Cursor\User\globalStorage\redhat.java\1.50.0\config_win\org.eclipse.equinox.launcher\org.eclipse.equinox.launcher.win32.win32.x86_64_1.2.1400.v20250801-0854\eclipse_11916.dll
Event: 3.462 Loaded shared library C:\Users\ADMIN\.cursor\extensions\redhat.java-1.50.0-win32-x64\jre\21.0.9-win32-x86_64\bin\management.dll
Event: 3.469 Loaded shared library C:\Users\ADMIN\.cursor\extensions\redhat.java-1.50.0-win32-x64\jre\21.0.9-win32-x86_64\bin\management_ext.dll
Event: 5.735 Loaded shared library C:\Users\ADMIN\AppData\Local\Temp\jna-62130991\jna13173791782442433192.dll

Deoptimization events (20 events):
Event: 8.137 Thread 0x000001fce9bb5160 DEOPT PACKING pc=0x000001fcd5fdb858 sp=0x000000114adfdaa0
Event: 8.137 Thread 0x000001fce9bb5160 DEOPT UNPACKING pc=0x000001fcd58a3aa2 sp=0x000000114adfda20 mode 2
Event: 8.137 Thread 0x000001fce9bb5160 Uncommon trap: trap_request=0xffffff6e fr.pc=0x000001fcd608b918 relative=0x0000000000000178
Event: 8.137 Thread 0x000001fce9bb5160 Uncommon trap: reason=loop_limit_check action=maybe_recompile pc=0x000001fcd608b918 method=java.lang.StringLatin1.lastIndexOf([BII)I @ 19 c2
Event: 8.137 Thread 0x000001fce9bb5160 DEOPT PACKING pc=0x000001fcd608b918 sp=0x000000114adfdc90
Event: 8.137 Thread 0x000001fce9bb5160 DEOPT UNPACKING pc=0x000001fcd58a3aa2 sp=0x000000114adfdb48 mode 2
Event: 8.139 Thread 0x000001fce9bb5160 DEOPT PACKING pc=0x000001fcce42033c sp=0x000000114adfae40
Event: 8.139 Thread 0x000001fce9bb5160 DEOPT UNPACKING pc=0x000001fcd58a4242 sp=0x000000114adfa360 mode 0
Event: 8.246 Thread 0x000001fce9bb5160 Uncommon trap: trap_request=0xffffff45 fr.pc=0x000001fcd6102f48 relative=0x0000000000000128
Event: 8.246 Thread 0x000001fce9bb5160 Uncommon trap: reason=unstable_if action=reinterpret pc=0x000001fcd6102f48 method=java.lang.StringConcatHelper.prepend(J[BLjava/lang/String;)J @ 13 c2
Event: 8.246 Thread 0x000001fce9bb5160 DEOPT PACKING pc=0x000001fcd6102f48 sp=0x000000114adfd430
Event: 8.246 Thread 0x000001fce9bb5160 DEOPT UNPACKING pc=0x000001fcd58a3aa2 sp=0x000000114adfd3e0 mode 2
Event: 8.247 Thread 0x000001fce9bb5160 Uncommon trap: trap_request=0xffffff45 fr.pc=0x000001fcd6160660 relative=0x00000000000000c0
Event: 8.247 Thread 0x000001fce9bb5160 Uncommon trap: reason=unstable_if action=reinterpret pc=0x000001fcd6160660 method=java.lang.StringConcatHelper.newString([BJ)Ljava/lang/String; @ 3 c2
Event: 8.247 Thread 0x000001fce9bb5160 DEOPT PACKING pc=0x000001fcd6160660 sp=0x000000114adfd5c0
Event: 8.247 Thread 0x000001fce9bb5160 DEOPT UNPACKING pc=0x000001fcd58a3aa2 sp=0x000000114adfd548 mode 2
Event: 8.256 Thread 0x000001fce9bb5160 Uncommon trap: trap_request=0xffffff6e fr.pc=0x000001fcd60e6308 relative=0x0000000000000168
Event: 8.256 Thread 0x000001fce9bb5160 Uncommon trap: reason=loop_limit_check action=maybe_recompile pc=0x000001fcd60e6308 method=java.lang.StringLatin1.lastIndexOf([BII)I @ 19 c2
Event: 8.256 Thread 0x000001fce9bb5160 DEOPT PACKING pc=0x000001fcd60e6308 sp=0x000000114adfdc20
Event: 8.256 Thread 0x000001fce9bb5160 DEOPT UNPACKING pc=0x000001fcd58a3aa2 sp=0x000000114adfdb48 mode 2

Classes loaded (20 events):
Event: 8.134 Loading class java/nio/file/FileChannelLinesSpliterator$1
Event: 8.134 Loading class java/nio/file/FileChannelLinesSpliterator$1 done
Event: 8.134 Loading class java/nio/channels/Channels
Event: 8.134 Loading class java/nio/channels/Channels done
Event: 8.142 Loading class java/lang/ProcessBuilder
Event: 8.143 Loading class java/lang/ProcessBuilder done
Event: 8.143 Loading class java/lang/ProcessImpl
Event: 8.144 Loading class java/lang/ProcessImpl done
Event: 8.161 Loading class java/lang/ProcessImpl$2
Event: 8.162 Loading class java/lang/ProcessImpl$2 done
Event: 8.162 Loading class java/lang/Process$PipeInputStream
Event: 8.162 Loading class java/lang/Process$PipeInputStream done
Event: 8.162 Loading class jdk/internal/event/ProcessStartEvent
Event: 8.162 Loading class jdk/internal/event/ProcessStartEvent done
Event: 8.168 Loading class java/lang/IllegalThreadStateException
Event: 8.168 Loading class java/lang/IllegalThreadStateException done
Event: 8.243 Loading class java/lang/Throwable$WrappedPrintWriter
Event: 8.243 Loading class java/lang/Throwable$PrintStreamOrWriter
Event: 8.243 Loading class java/lang/Throwable$PrintStreamOrWriter done
Event: 8.243 Loading class java/lang/Throwable$WrappedPrintWriter done

Classes unloaded (7 events):
Event: 4.694 Thread 0x000001fccb2a5b80 Unloading class 0x000001fc811ac000 'java/lang/invoke/LambdaForm$MH+0x000001fc811ac000'
Event: 4.694 Thread 0x000001fccb2a5b80 Unloading class 0x000001fc811abc00 'java/lang/invoke/LambdaForm$MH+0x000001fc811abc00'
Event: 4.694 Thread 0x000001fccb2a5b80 Unloading class 0x000001fc811ab800 'java/lang/invoke/LambdaForm$MH+0x000001fc811ab800'
Event: 4.694 Thread 0x000001fccb2a5b80 Unloading class 0x000001fc811ab400 'java/lang/invoke/LambdaForm$MH+0x000001fc811ab400'
Event: 4.694 Thread 0x000001fccb2a5b80 Unloading class 0x000001fc811ab000 'java/lang/invoke/LambdaForm$BMH+0x000001fc811ab000'
Event: 4.694 Thread 0x000001fccb2a5b80 Unloading class 0x000001fc811aac00 'java/lang/invoke/LambdaForm$DMH+0x000001fc811aac00'
Event: 4.694 Thread 0x000001fccb2a5b80 Unloading class 0x000001fc811a9800 'java/lang/invoke/LambdaForm$DMH+0x000001fc811a9800'

Classes redefined (0 events):
No events

Internal exceptions (20 events):
Event: 8.082 Thread 0x000001fce9bb5160 Exception <a 'sun/nio/fs/WindowsException'{0x00000000d66f9b00}> (0x00000000d66f9b00) 
thrown [s\src\hotspot\share\prims\jni.cpp, line 520]
Event: 8.082 Thread 0x000001fce9bb5160 Exception <a 'sun/nio/fs/WindowsException'{0x00000000d66fa420}> (0x00000000d66fa420) 
thrown [s\src\hotspot\share\prims\jni.cpp, line 520]
Event: 8.082 Thread 0x000001fce9bb5160 Exception <a 'sun/nio/fs/WindowsException'{0x00000000d66fad00}> (0x00000000d66fad00) 
thrown [s\src\hotspot\share\prims\jni.cpp, line 520]
Event: 8.083 Thread 0x000001fce9bb5160 Exception <a 'sun/nio/fs/WindowsException'{0x00000000d66fb930}> (0x00000000d66fb930) 
thrown [s\src\hotspot\share\prims\jni.cpp, line 520]
Event: 8.083 Thread 0x000001fce9bb5160 Exception <a 'sun/nio/fs/WindowsException'{0x00000000d66fc210}> (0x00000000d66fc210) 
thrown [s\src\hotspot\share\prims\jni.cpp, line 520]
Event: 8.084 Thread 0x000001fce9bb5160 Exception <a 'sun/nio/fs/WindowsException'{0x00000000d66fdc20}> (0x00000000d66fdc20) 
thrown [s\src\hotspot\share\prims\jni.cpp, line 520]
Event: 8.084 Thread 0x000001fce9bb5160 Exception <a 'sun/nio/fs/WindowsException'{0x00000000d66fe500}> (0x00000000d66fe500) 
thrown [s\src\hotspot\share\prims\jni.cpp, line 520]
Event: 8.118 Thread 0x000001fce9bb5160 Exception <a 'sun/nio/fs/WindowsException'{0x00000000d6825d68}> (0x00000000d6825d68) 
thrown [s\src\hotspot\share\prims\jni.cpp, line 520]
Event: 8.119 Thread 0x000001fce9bb5160 Exception <a 'sun/nio/fs/WindowsException'{0x00000000d6826868}> (0x00000000d6826868) 
thrown [s\src\hotspot\share\prims\jni.cpp, line 520]
Event: 8.121 Thread 0x000001fce9bb5160 Exception <a 'sun/nio/fs/WindowsException'{0x00000000d6830558}> (0x00000000d6830558) 
thrown [s\src\hotspot\share\prims\jni.cpp, line 520]
Event: 8.121 Thread 0x000001fce9bb5160 Exception <a 'sun/nio/fs/WindowsException'{0x00000000d6830e38}> (0x00000000d6830e38) 
thrown [s\src\hotspot\share\prims\jni.cpp, line 520]
Event: 8.130 Thread 0x000001fce9bb5160 Exception <a 'sun/nio/fs/WindowsException'{0x00000000d68650f0}> (0x00000000d68650f0) 
thrown [s\src\hotspot\share\prims\jni.cpp, line 520]
Event: 8.130 Thread 0x000001fce9bb5160 Exception <a 'sun/nio/fs/WindowsException'{0x00000000d6865740}> (0x00000000d6865740) 
thrown [s\src\hotspot\share\prims\jni.cpp, line 520]
Event: 8.130 Thread 0x000001fce9bb5160 Exception <a 'sun/nio/fs/WindowsException'{0x00000000d6866150}> (0x00000000d6866150) 
thrown [s\src\hotspot\share\prims\jni.cpp, line 520]
Event: 8.130 Thread 0x000001fce9bb5160 Exception <a 'sun/nio/fs/WindowsException'{0x00000000d6866a50}> (0x00000000d6866a50) 
thrown [s\src\hotspot\share\prims\jni.cpp, line 520]
Event: 8.159 Thread 0x000001fce9bb5160 Exception <a 'java/lang/NoSuchMethodError'{0x00000000d68a5d48}: 'void java.lang.invoke.DirectMethodHandle$Holder.invokeStatic(java.lang.Object, long)'> (0x00000000d68a5d48) 
thrown [s\src\hotspot\share\interpreter\linkResolver.cpp, line 773]
Event: 8.234 Thread 0x000001fce9bb6ba0 Exception <a 'java/lang/InterruptedException'{0x00000000d69809e8}> (0x00000000d69809e8) 
thrown [s\src\hotspot\share\runtime\objectMonitor.cpp, line 1626]
Event: 8.344 Thread 0x000001fce9bb4ad0 Exception <a 'java/lang/InterruptedException'{0x00000000d6a272f8}> (0x00000000d6a272f8) 
thrown [s\src\hotspot\share\runtime\objectMonitor.cpp, line 1626]
Event: 8.390 Thread 0x000001fce9bb5160 Exception <a 'sun/nio/fs/WindowsException'{0x00000000d6a5fb78}> (0x00000000d6a5fb78) 
thrown [s\src\hotspot\share\prims\jni.cpp, line 520]
Event: 8.390 Thread 0x000001fce9bb5160 Exception <a 'sun/nio/fs/WindowsException'{0x00000000d6a60478}> (0x00000000d6a60478) 
thrown [s\src\hotspot\share\prims\jni.cpp, line 520]

ZGC Phase Switch (0 events):
No events

VM Operations (20 events):
Event: 6.453 Executing VM operation: ParallelGCFailedAllocation (Allocation Failure)
Event: 6.454 Executing VM operation: ParallelGCFailedAllocation (Allocation Failure) done
Event: 6.538 Executing VM operation: HandshakeAllThreads (Deoptimize)
Event: 6.538 Executing VM operation: HandshakeAllThreads (Deoptimize) done
Event: 6.808 Executing VM operation: HandshakeAllThreads (Deoptimize)
Event: 6.808 Executing VM operation: HandshakeAllThreads (Deoptimize) done
Event: 6.907 Executing VM operation: HandshakeAllThreads (Deoptimize)
Event: 6.907 Executing VM operation: HandshakeAllThreads (Deoptimize) done
Event: 6.946 Executing VM operation: ParallelGCFailedAllocation (Allocation Failure)
Event: 6.948 Executing VM operation: ParallelGCFailedAllocation (Allocation Failure) done
Event: 7.210 Executing VM operation: HandshakeAllThreads (Deoptimize)
Event: 7.210 Executing VM operation: HandshakeAllThreads (Deoptimize) done
Event: 7.607 Executing VM operation: ICBufferFull
Event: 7.607 Executing VM operation: ICBufferFull done
Event: 7.655 Executing VM operation: ParallelGCFailedAllocation (Allocation Failure)
Event: 7.658 Executing VM operation: ParallelGCFailedAllocation (Allocation Failure) done
Event: 7.957 Executing VM operation: HandshakeAllThreads (Deoptimize)
Event: 7.957 Executing VM operation: HandshakeAllThreads (Deoptimize) done
Event: 8.057 Executing VM operation: ICBufferFull
Event: 8.057 Executing VM operation: ICBufferFull done

Memory protections (0 events):
No events

Nmethod flushes (20 events):
Event: 6.243 Thread 0x000001fccb2a5b80 flushing  nmethod 0x000001fccea83f90
Event: 6.243 Thread 0x000001fccb2a5b80 flushing  nmethod 0x000001fccea84890
Event: 6.243 Thread 0x000001fccb2a5b80 flushing  nmethod 0x000001fccea87610
Event: 6.243 Thread 0x000001fccb2a5b80 flushing  nmethod 0x000001fccea87b10
Event: 6.243 Thread 0x000001fccb2a5b80 flushing  nmethod 0x000001fccea89310
Event: 6.243 Thread 0x000001fccb2a5b80 flushing  nmethod 0x000001fccea89810
Event: 6.243 Thread 0x000001fccb2a5b80 flushing  nmethod 0x000001fccea89d10
Event: 6.243 Thread 0x000001fccb2a5b80 flushing  nmethod 0x000001fccea8b510
Event: 6.243 Thread 0x000001fccb2a5b80 flushing  nmethod 0x000001fccea8dd90
Event: 6.243 Thread 0x000001fccb2a5b80 flushing  nmethod 0x000001fccea8f810
Event: 6.243 Thread 0x000001fccb2a5b80 flushing  nmethod 0x000001fccead3310
Event: 6.243 Thread 0x000001fccb2a5b80 flushing  nmethod 0x000001fcceaf2b90
Event: 6.243 Thread 0x000001fccb2a5b80 flushing  nmethod 0x000001fcceafe410
Event: 6.243 Thread 0x000001fccb2a5b80 flushing  nmethod 0x000001fcceb05010
Event: 6.243 Thread 0x000001fccb2a5b80 flushing  nmethod 0x000001fcceb56f10
Event: 6.243 Thread 0x000001fccb2a5b80 flushing  nmethod 0x000001fcceb69790
Event: 6.243 Thread 0x000001fccb2a5b80 flushing  nmethod 0x000001fcceb78390
Event: 6.243 Thread 0x000001fccb2a5b80 flushing  nmethod 0x000001fcceb98690
Event: 6.243 Thread 0x000001fccb2a5b80 flushing  nmethod 0x000001fcceb99090
Event: 6.243 Thread 0x000001fccb2a5b80 flushing  nmethod 0x000001fccebc0090

Events (20 events):
Event: 5.998 Thread 0x000001fccb2028c0 Thread added: 0x000001fce9bb3090
Event: 6.092 Thread 0x000001fccb2028c0 Thread added: 0x000001fce9bb1650
Event: 6.361 Thread 0x000001fccb2028c0 Thread added: 0x000001fce9bb4440
Event: 6.362 Thread 0x000001fccb2028c0 Thread added: 0x000001fce9bb5160
Event: 8.185 Thread 0x000001fce9bb5160 Thread added: 0x000001fce9bb4ad0
Event: 8.186 Thread 0x000001fce9bb5160 Thread added: 0x000001fce9bb3db0
Event: 8.187 Thread 0x000001fce9bb5160 Thread added: 0x000001fce9bb1ce0
Event: 8.189 Thread 0x000001fce9bb5160 Thread added: 0x000001fce9bb6ba0
Event: 8.231 Thread 0x000001fce9bb3db0 Thread exited: 0x000001fce9bb3db0
Event: 8.231 Thread 0x000001fce9bb1ce0 Thread exited: 0x000001fce9bb1ce0
Event: 8.234 Thread 0x000001fce9bb4ad0 Thread exited: 0x000001fce9bb4ad0
Event: 8.234 Thread 0x000001fce9bb6ba0 Thread exited: 0x000001fce9bb6ba0
Event: 8.267 Thread 0x000001fce9bb5160 Thread added: 0x000001fce9bb3db0
Event: 8.268 Thread 0x000001fce9bb5160 Thread added: 0x000001fce9bb1ce0
Event: 8.268 Thread 0x000001fce9bb5160 Thread added: 0x000001fce9bb6ba0
Event: 8.268 Thread 0x000001fce9bb5160 Thread added: 0x000001fce9bb4ad0
Event: 8.340 Thread 0x000001fce9bb1ce0 Thread exited: 0x000001fce9bb1ce0
Event: 8.340 Thread 0x000001fce9bb6ba0 Thread exited: 0x000001fce9bb6ba0
Event: 8.344 Thread 0x000001fce9bb3db0 Thread exited: 0x000001fce9bb3db0
Event: 8.344 Thread 0x000001fce9bb4ad0 Thread exited: 0x000001fce9bb4ad0


Dynamic libraries:
0x00007ff70a0b0000 - 0x00007ff70a0be000 	c:\Users\ADMIN\.cursor\extensions\redhat.java-1.50.0-win32-x64\jre\21.0.9-win32-x86_64\bin\java.exe
0x00007ff8a1980000 - 0x00007ff8a1be9000 	C:\WINDOWS\SYSTEM32\ntdll.dll
0x00007ff8a05f0000 - 0x00007ff8a06b9000 	C:\WINDOWS\System32\KERNEL32.DLL
0x00007ff89edd0000 - 0x00007ff89f1c3000 	C:\WINDOWS\System32\KERNELBASE.dll
0x00007ff89eb10000 - 0x00007ff89ec5b000 	C:\WINDOWS\System32\ucrtbase.dll
0x00007ff8558b0000 - 0x00007ff8558ce000 	c:\Users\ADMIN\.cursor\extensions\redhat.java-1.50.0-win32-x64\jre\21.0.9-win32-x86_64\bin\VCRUNTIME140.dll
0x00007ff856e80000 - 0x00007ff856e98000 	c:\Users\ADMIN\.cursor\extensions\redhat.java-1.50.0-win32-x64\jre\21.0.9-win32-x86_64\bin\jli.dll
0x00007ff8a1070000 - 0x00007ff8a1234000 	C:\WINDOWS\System32\USER32.dll
0x00007ff88e320000 - 0x00007ff88e5b3000 	C:\WINDOWS\WinSxS\amd64_microsoft.windows.common-controls_6595b64144ccf1df_6.0.26100.5074_none_3e0d6f78e32fd63f\COMCTL32.dll
0x00007ff89f690000 - 0x00007ff89f6b7000 	C:\WINDOWS\System32\win32u.dll
0x00007ff8a12d0000 - 0x00007ff8a1379000 	C:\WINDOWS\System32\msvcrt.dll
0x00007ff8a1520000 - 0x00007ff8a154b000 	C:\WINDOWS\System32\GDI32.dll
0x00007ff89f330000 - 0x00007ff89f45d000 	C:\WINDOWS\System32\gdi32full.dll
0x00007ff89f5e0000 - 0x00007ff89f683000 	C:\WINDOWS\System32\msvcp_win.dll
0x00007ff89fb60000 - 0x00007ff89fb8f000 	C:\WINDOWS\System32\IMM32.DLL
0x00007ff863590000 - 0x00007ff86359c000 	c:\Users\ADMIN\.cursor\extensions\redhat.java-1.50.0-win32-x64\jre\21.0.9-win32-x86_64\bin\vcruntime140_1.dll
0x00007ff80ad50000 - 0x00007ff80addd000 	c:\Users\ADMIN\.cursor\extensions\redhat.java-1.50.0-win32-x64\jre\21.0.9-win32-x86_64\bin\msvcp140.dll
0x00007fffbad20000 - 0x00007fffbbac0000 	c:\Users\ADMIN\.cursor\extensions\redhat.java-1.50.0-win32-x64\jre\21.0.9-win32-x86_64\bin\server\jvm.dll
0x00007ff8a0290000 - 0x00007ff8a0344000 	C:\WINDOWS\System32\ADVAPI32.dll
0x00007ff8a0540000 - 0x00007ff8a05e6000 	C:\WINDOWS\System32\sechost.dll
0x00007ff8a00e0000 - 0x00007ff8a01f8000 	C:\WINDOWS\System32\RPCRT4.dll
0x00007ff8a1550000 - 0x00007ff8a15c4000 	C:\WINDOWS\System32\WS2_32.dll
0x00007ff89e970000 - 0x00007ff89e9ce000 	C:\WINDOWS\SYSTEM32\POWRPROF.dll
0x00007ff896ee0000 - 0x00007ff896f15000 	C:\WINDOWS\SYSTEM32\WINMM.dll
0x00007ff896f20000 - 0x00007ff896f2b000 	C:\WINDOWS\SYSTEM32\VERSION.dll
0x00007ff89e950000 - 0x00007ff89e964000 	C:\WINDOWS\SYSTEM32\UMPDC.dll
0x00007ff89d8f0000 - 0x00007ff89d90b000 	C:\WINDOWS\SYSTEM32\kernel.appcore.dll
0x00007ff863440000 - 0x00007ff86344a000 	c:\Users\ADMIN\.cursor\extensions\redhat.java-1.50.0-win32-x64\jre\21.0.9-win32-x86_64\bin\jimage.dll
0x00007ff89c2c0000 - 0x00007ff89c502000 	C:\WINDOWS\SYSTEM32\DBGHELP.DLL
0x00007ff89f7e0000 - 0x00007ff89fb5b000 	C:\WINDOWS\System32\combase.dll
0x00007ff8a1440000 - 0x00007ff8a1517000 	C:\WINDOWS\System32\OLEAUT32.dll
0x00007ff886040000 - 0x00007ff88607d000 	C:\WINDOWS\SYSTEM32\dbgcore.DLL
0x00007ff89f290000 - 0x00007ff89f329000 	C:\WINDOWS\System32\bcryptPrimitives.dll
0x00007ff85a3a0000 - 0x00007ff85a3af000 	c:\Users\ADMIN\.cursor\extensions\redhat.java-1.50.0-win32-x64\jre\21.0.9-win32-x86_64\bin\instrument.dll
0x00007ff8556e0000 - 0x00007ff855700000 	c:\Users\ADMIN\.cursor\extensions\redhat.java-1.50.0-win32-x64\jre\21.0.9-win32-x86_64\bin\java.dll
0x00007ff8a06c0000 - 0x00007ff8a0e0d000 	C:\WINDOWS\System32\SHELL32.dll
0x00007ff89ec60000 - 0x00007ff89edcc000 	C:\WINDOWS\System32\wintypes.dll
0x00007ff89c730000 - 0x00007ff89cf89000 	C:\WINDOWS\SYSTEM32\windows.storage.dll
0x00007ff8a0e10000 - 0x00007ff8a0f00000 	C:\WINDOWS\System32\SHCORE.dll
0x00007ff8a0210000 - 0x00007ff8a0272000 	C:\WINDOWS\System32\shlwapi.dll
0x00007ff89ea30000 - 0x00007ff89ea59000 	C:\WINDOWS\SYSTEM32\profapi.dll
0x00007ff85e340000 - 0x00007ff85e358000 	c:\Users\ADMIN\.cursor\extensions\redhat.java-1.50.0-win32-x64\jre\21.0.9-win32-x86_64\bin\zip.dll
0x00007ff858760000 - 0x00007ff858770000 	C:\Users\ADMIN\.cursor\extensions\redhat.java-1.50.0-win32-x64\jre\21.0.9-win32-x86_64\bin\net.dll
0x00007ff898060000 - 0x00007ff89817f000 	C:\WINDOWS\SYSTEM32\WINHTTP.dll
0x00007ff89de70000 - 0x00007ff89dedb000 	C:\WINDOWS\system32\mswsock.dll
0x00007ff84c860000 - 0x00007ff84c876000 	C:\Users\ADMIN\.cursor\extensions\redhat.java-1.50.0-win32-x64\jre\21.0.9-win32-x86_64\bin\nio.dll
0x00007ff855ff0000 - 0x00007ff856000000 	c:\Users\ADMIN\.cursor\extensions\redhat.java-1.50.0-win32-x64\jre\21.0.9-win32-x86_64\bin\verify.dll
0x00007ff849c20000 - 0x00007ff849c64000 	C:\Users\ADMIN\AppData\Roaming\Cursor\User\globalStorage\redhat.java\1.50.0\config_win\org.eclipse.equinox.launcher\org.eclipse.equinox.launcher.win32.win32.x86_64_1.2.1400.v20250801-0854\eclipse_11916.dll
0x00007ff8a0350000 - 0x00007ff8a04e8000 	C:\WINDOWS\System32\ole32.dll
0x00007ff850d90000 - 0x00007ff850d9a000 	C:\Users\ADMIN\.cursor\extensions\redhat.java-1.50.0-win32-x64\jre\21.0.9-win32-x86_64\bin\management.dll
0x00007ff84cd70000 - 0x00007ff84cd7c000 	C:\Users\ADMIN\.cursor\extensions\redhat.java-1.50.0-win32-x64\jre\21.0.9-win32-x86_64\bin\management_ext.dll
0x00007ff8a0280000 - 0x00007ff8a0288000 	C:\WINDOWS\System32\PSAPI.DLL
0x00007ff89e110000 - 0x00007ff89e12b000 	C:\WINDOWS\SYSTEM32\CRYPTSP.dll
0x00007ff89d850000 - 0x00007ff89d88b000 	C:\WINDOWS\system32\rsaenh.dll
0x00007ff89df10000 - 0x00007ff89df3b000 	C:\WINDOWS\SYSTEM32\USERENV.dll
0x00007ff89ea00000 - 0x00007ff89ea26000 	C:\WINDOWS\SYSTEM32\bcrypt.dll
0x00007ff89e130000 - 0x00007ff89e13c000 	C:\WINDOWS\SYSTEM32\CRYPTBASE.dll
0x00007ff89d2c0000 - 0x00007ff89d2f4000 	C:\WINDOWS\SYSTEM32\IPHLPAPI.DLL
0x00007ff8a1830000 - 0x00007ff8a183a000 	C:\WINDOWS\System32\NSI.dll
0x00007ff849830000 - 0x00007ff849879000 	C:\Users\ADMIN\AppData\Local\Temp\jna-62130991\jna13173791782442433192.dll
0x00007ff898310000 - 0x00007ff89832e000 	C:\WINDOWS\SYSTEM32\dhcpcsvc6.DLL
0x00007ff898240000 - 0x00007ff898263000 	C:\WINDOWS\SYSTEM32\dhcpcsvc.DLL

JVMTI agents:
c:\Users\ADMIN\.cursor\extensions\redhat.java-1.50.0-win32-x64\lombok\lombok-1.18.39-4050.jar path:c:\Users\ADMIN\.cursor\extensions\redhat.java-1.50.0-win32-x64\jre\21.0.9-win32-x86_64\bin\instrument.dll, loaded, initialized, instrumentlib options:none

dbghelp: loaded successfully - version: 4.0.5 - missing functions: none
symbol engine: initialized successfully - sym options: 0x614 - pdb path: .;c:\Users\ADMIN\.cursor\extensions\redhat.java-1.50.0-win32-x64\jre\21.0.9-win32-x86_64\bin;C:\WINDOWS\SYSTEM32;C:\WINDOWS\WinSxS\amd64_microsoft.windows.common-controls_6595b64144ccf1df_6.0.26100.5074_none_3e0d6f78e32fd63f;c:\Users\ADMIN\.cursor\extensions\redhat.java-1.50.0-win32-x64\jre\21.0.9-win32-x86_64\bin\server;C:\Users\ADMIN\AppData\Roaming\Cursor\User\globalStorage\redhat.java\1.50.0\config_win\org.eclipse.equinox.launcher\org.eclipse.equinox.launcher.win32.win32.x86_64_1.2.1400.v20250801-0854;C:\Users\ADMIN\AppData\Local\Temp\jna-62130991

VM Arguments:
jvm_args: --add-modules=ALL-SYSTEM --add-opens=java.base/java.util=ALL-UNNAMED --add-opens=java.base/java.lang=ALL-UNNAMED --add-opens=java.base/sun.nio.fs=ALL-UNNAMED -Declipse.application=org.eclipse.jdt.ls.core.id1 -Dosgi.bundles.defaultStartLevel=4 -Declipse.product=org.eclipse.jdt.ls.core.product -Djava.import.generatesMetadataFilesAtProjectRoot=false -DDetectVMInstallationsJob.disabled=true -Dfile.encoding=utf8 -XX:+UseParallelGC -XX:GCTimeRatio=4 -XX:AdaptiveSizePolicyWeight=90 -Dsun.zip.disableMemoryMapping=true -Xmx2G -Xms100m -Xlog:disable -javaagent:c:\Users\ADMIN\.cursor\extensions\redhat.java-1.50.0-win32-x64\lombok\lombok-1.18.39-4050.jar -XX:+HeapDumpOnOutOfMemoryError -XX:HeapDumpPath=c:\Users\ADMIN\AppData\Roaming\Cursor\User\workspaceStorage\938e2f428bc433b67d86b23e5410d8d8\redhat.java -Daether.dependencyCollector.impl=bf 
java_command: c:\Users\ADMIN\.cursor\extensions\redhat.java-1.50.0-win32-x64\server\plugins\org.eclipse.equinox.launcher_1.7.100.v20251111-0406.jar -configuration c:\Users\ADMIN\AppData\Roaming\Cursor\User\globalStorage\redhat.java\1.50.0\config_win -data c:\Users\ADMIN\AppData\Roaming\Cursor\User\workspaceStorage\938e2f428bc433b67d86b23e5410d8d8\redhat.java\jdt_ws --pipe=\\.\pipe\lsp-9d9502bfdc500e37cee375bfdf1f92c4-sock
java_class_path (initial): c:\Users\ADMIN\.cursor\extensions\redhat.java-1.50.0-win32-x64\server\plugins\org.eclipse.equinox.launcher_1.7.100.v20251111-0406.jar
Launcher Type: SUN_STANDARD

[Global flags]
    uintx AdaptiveSizePolicyWeight                 = 90                                        {product} {command line}
     intx CICompilerCount                          = 12                                        {product} {ergonomic}
    uintx GCTimeRatio                              = 4                                         {product} {command line}
     bool HeapDumpOnOutOfMemoryError               = true                                   {manageable} {command line}
    ccstr HeapDumpPath                             = c:\Users\ADMIN\AppData\Roaming\Cursor\User\workspaceStorage\938e2f428bc433b67d86b23e5410d8d8\redhat.java         {manageable} {command line}
   size_t InitialHeapSize                          = 104857600                                 {product} {command line}
   size_t MaxHeapSize                              = 2147483648                                {product} {command line}
   size_t MaxNewSize                               = 715653120                                 {product} {ergonomic}
   size_t MinHeapDeltaBytes                        = 524288                                    {product} {ergonomic}
   size_t MinHeapSize                              = 104857600                                 {product} {command line}
   size_t NewSize                                  = 34603008                                  {product} {ergonomic}
    uintx NonNMethodCodeHeapSize                   = 7602480                                {pd product} {ergonomic}
    uintx NonProfiledCodeHeapSize                  = 122027880                              {pd product} {ergonomic}
   size_t OldSize                                  = 70254592                                  {product} {ergonomic}
    uintx ProfiledCodeHeapSize                     = 122027880                              {pd product} {ergonomic}
    uintx ReservedCodeCacheSize                    = 251658240                              {pd product} {ergonomic}
     bool SegmentedCodeCache                       = true                                      {product} {ergonomic}
   size_t SoftMaxHeapSize                          = 2147483648                             {manageable} {ergonomic}
     bool UseCompressedOops                        = true                           {product lp64_product} {ergonomic}
     bool UseLargePagesIndividualAllocation        = false                                  {pd product} {ergonomic}
     bool UseParallelGC                            = true                                      {product} {command line}

Logging:
Log output configuration:
 #0: stdout all=off uptime,level,tags foldmultilines=false
 #1: stderr all=off uptime,level,tags foldmultilines=false

Release file:
JAVA_VERSION="21.0.9" 
MODULES="java.base java.compiler java.datatransfer java.xml java.prefs java.desktop java.instrument java.logging java.management java.security.sasl java.naming java.rmi java.management.rmi java.net.http java.scripting java.security.jgss java.transaction.xa java.sql java.sql.rowset java.xml.crypto java.se java.smartcardio jdk.accessibility jdk.internal.jvmstat jdk.attach jdk.charsets jdk.internal.opt jdk.zipfs jdk.compiler jdk.crypto.ec jdk.crypto.cryptoki jdk.crypto.mscapi jdk.dynalink jdk.internal.ed jdk.editpad jdk.hotspot.agent jdk.httpserver jdk.internal.le jdk.internal.vm.ci jdk.internal.vm.compiler jdk.internal.vm.compiler.management jdk.jartool jdk.javadoc jdk.jcmd jdk.management jdk.management.agent jdk.jconsole jdk.jdeps jdk.jdwp.agent jdk.jdi jdk.jfr jdk.jshell jdk.jsobject jdk.jstatd jdk.localedata jdk.management.jfr jdk.naming.dns jdk.naming.rmi jdk.net jdk.nio.mapmode jdk.random jdk.sctp jdk.security.auth jdk.security.jgss jdk.unsupported jdk.unsupported.desktop jdk.xml.dom" 

Environment Variables:
JAVA_HOME=C:\Program Files\Java\jdk-17.0.10
PATH=C:\ServBay\bin;C:\ServBay\packages\python\current\Scripts;C:\ServBay\packages\go\current\bin;C:\ServBay\packages\python\current;C:\ServBay\packages\node\current;%APPDATA%\npm;%APPDATA%\Composer\vendor\bin;%USERPROFILE%\.cargo\bin;%USERPROFILE%\go\bin;C:\Program Files\Eclipse Adoptium\jdk-17.0.16.8-hotspot\bin;C:\Python313\Scripts\;C:\Python313\;C:\Program Files\Common Files\Oracle\Java\javapath;C:\Program Files\Java\jdk-19\bin;C:\ProgramData\chocolatey\bin;C:\Program Files\Docker\Docker\resources\bin;C:\Program Files\Git\cmd;C:\Program Files (x86)\Microsoft SQL Server\150\Tools\Binn\;C:\Program Files\Microsoft SQL Server\150\Tools\Binn\;C:\Program Files\Microsoft SQL Server\150\DTS\Binn\;C:\Program Files (x86)\Microsoft SQL Server\160\DTS\Binn\;C:\Program Files\TortoiseGit\bin;C:\Program Files\dotnet\;C:\Program Files\Microsoft SQL Server\130\Tools\Binn\;C:\Program Files\Apache\maven\bin;C:\Users\ADMIN\AppData\Local\Programs\Python\Python310\Scripts\;C:\Users\ADMIN\AppData\Local\Programs\Python\Python310\;C:\Program Files\Pandoc;C:\Users\ADMIN\AppData\Local\Programs\MiKTeX\miktex\bin\x64;C:\Program Files\PuTTY\;C:\WINDOWS\system32;C:\WINDOWS;C:\WINDOWS\System32\Wbem;C:\WINDOWS\System32\WindowsPowerShell\v1.0\;C:\WINDOWS\System32\OpenSSH\;C:\Program Files (x86)\Windows Kits\10\Windows Performance Toolkit\;c:\Users\ADMIN\AppData\Local\Programs\cursor\resources\app\bin;C:\Program Files\CMake\bin;C:\Users\ADMIN\AppData\Local\nvm;C:\nvm4w\nodejs;C:\Program Files\Tesseract-OCR\;C:\Program Files\cursor\resources\app\bin;C:\Users\ADMIN\anaconda3;C:\Users\ADMIN\anaconda3\Library\mingw-w64\bin;C:\Users\ADMIN\anaconda3\Library\usr\bin;C:\Users\ADMIN\anaconda3\Library\bin;C:\Users\ADMIN\anaconda3\Scripts;C:\Program Files\Common Files\Oracle\Java\javapath;C:\Program Files (x86)\Embarcadero\Studio\22.0\bin;C:\Users\Public\Documents\Embarcadero\Studio\22.0\Bpl;C:\Program Files (x86)\Embarcadero\Studio\22.0\bin64;C:\Users\Public\Documents\Embarcadero\Studio\22.0\Bpl\Win64;C:\msys64\mingw64\bin;C:\ProgramData\Oracle\Java\javapath;C:\Program Files (x86)\VMware\VMware Workstation\bin\;C:\Windows\system32;C:\Windows;C:\Windows\System32\Wbem;C:\Windows\System32\WindowsPowerShell\v1.0\;C:\Windows\System32\OpenSSH\;C:\Program Files (x86)\NVIDIA Corporation\PhysX\Common;C:\Program Files\NVIDIA Corporation\NVIDIA NvDLISR;C:\Program Files\dotnet\;C:\WINDOWS\system32;C:\WINDOWS;C:\WINDOWS\System32\Wbem;C:\WINDOWS\System32\WindowsPowerShell\v1.0\;C:\WINDOWS\System32\OpenSSH\;C:\Program Files (x86)\Microsoft SQL Server\160\Tools\Binn\;C:\Program Files\Microsoft SQL Server\160\Tools\Binn\;C:\Program Files\Microsoft SQL Server\Client SDK\ODBC\170\Tools\Binn\;C:\Program Files\Microsoft SQL Server\160\DTS\Binn\;C:\Program Files\JetBrains\IntelliJ IDEA 2023.3.3\bin;C:\Users\ADMIN\AppData\Local\JetBrains\Toolbox\scripts;C:\ngrok-v3-stable-windows-amd64;C:\Users\ADMIN\AppData\Local\GitHubDesktop\bin;C:\Users\ADMIN\.dotnet\tools;C:\Program Files\Apache\maven\bin;C:\Users\ADMIN\AppData\Local\Programs\Python\Python310\;C:\Users\ADMIN\AppData\Local\Programs\Python\Python310\Scripts\;C:\Program Files\Pandoc;C:\Users\ADMIN\AppData\Local\Programs\MiKTeX\miktex\bin\x64;C:\Users\ADMIN\AppData\Local\Microsoft\WindowsApps;C:\Users\ADMIN\AppData\Local\Microsoft\WinGet\Links;C:\Users\ADMIN\AppData\Roaming\npm;C:\Users\ADMIN\AppData\Local\Programs\cursor\resources\app\bin;C:\Users\ADMIN\AppData\Local\nvm;C:\nvm4w\nodejs;C:\Program Files\JetBrains\WebStorm 2025.2.1\bin
USERNAME=ADMIN
OS=Windows_NT
PROCESSOR_IDENTIFIER=AMD64 Family 23 Model 96 Stepping 1, AuthenticAMD
TMP=C:\Users\ADMIN\AppData\Local\Temp
TEMP=C:\Users\ADMIN\AppData\Local\Temp




Periodic native trim disabled

---------------  S Y S T E M  ---------------

OS:
 Windows 11 , 64 bit Build 26100 (10.0.26100.5074)
OS uptime: 0 days 2:22 hours
Hyper-V role detected

CPU: total 16 (initial active 16) (16 cores per cpu, 2 threads per core) family 23 model 96 stepping 1 microcode 0x8600106, cx8, cmov, fxsr, ht, mmx, 3dnowpref, sse, sse2, sse3, ssse3, sse4a, sse4.1, sse4.2, popcnt, lzcnt, tsc, tscinvbit, avx, avx2, aes, clmul, bmi1, bmi2, adx, sha, fma, vzeroupper, clflush, clflushopt, hv, rdtscp, rdpid, f16c
Processor Information for the first 16 processors :
  Max Mhz: 2901, Current Mhz: 2901, Mhz Limit: 2901

Memory: 4k page, system-wide physical 15791M (414M free)
TotalPageFile size 33284M (AvailPageFile size 12M)
current process WorkingSet (physical memory assigned to process): 216M, peak: 219M
current process commit charge ("private bytes"): 352M, peak: 355M

vm_info: OpenJDK 64-Bit Server VM (21.0.9+10-LTS) for windows-amd64 JRE (21.0.9+10-LTS), built on 2025-10-21T00:00:00Z by "admin" with unknown MS VC++:1942

END.
