#
# There is insufficient memory for the Java Runtime Environment to continue.
# Native memory allocation (malloc) failed to allocate 1048576 bytes for AllocateHeap
# Possible reasons:
#   The system is out of physical RAM or swap space
#   In 32 bit mode, the process size limit was hit
# Possible solutions:
#   Reduce memory load on the system
#   Increase physical memory or swap space
#   Check if swap backing store is full
#   Use 64 bit Java on a 64 bit OS
#   Decrease Java heap size (-Xmx/-Xms)
#   Decrease number of Java threads
#   Decrease Java thread stack sizes (-Xss)
#   Set larger code cache with -XX:ReservedCodeCacheSize=
# This output file may be truncated or incomplete.
#
#  Out of Memory Error (memory/allocation.inline.hpp:61), pid=34132, tid=42316
#
# JRE version:  (8.0_45-b15) (build )
# Java VM: Java HotSpot(TM) 64-Bit Server VM (25.45-b02 mixed mode windows-amd64 compressed oops)
# Failed to write core dump. Minidumps are not enabled by default on client versions of Windows
#

---------------  T H R E A D  ---------------

Current thread (0x000000000295e800):  JavaThread "Unknown thread" [_thread_in_vm, id=42316, stack(0x0000000002800000,0x0000000002900000)]

Stack: [0x0000000002800000,0x0000000002900000]
Native frames: (J=compiled Java code, j=interpreted, Vv=VM code, C=native code)
V  [jvm.dll+0x32b57a]
V  [jvm.dll+0x279873]
V  [jvm.dll+0x27a509]
V  [jvm.dll+0x271825]
V  [jvm.dll+0x1606]
V  [jvm.dll+0x270892]
V  [jvm.dll+0x3eee4a]
V  [jvm.dll+0x3ea7a7]
V  [jvm.dll+0xf2cf2]
V  [jvm.dll+0x20f0c9]
V  [jvm.dll+0x240e0a]
V  [jvm.dll+0x15ba41]
C  [javaw.exe+0x217e]
C  [javaw.exe+0xcd17]
C  [javaw.exe+0xcdab]
C  [KERNEL32.DLL+0x2e8d7]
C  [ntdll.dll+0x8d9c]


---------------  P R O C E S S  ---------------

Java Threads: ( => current thread )

Other Threads:

=>0x000000000295e800 (exited) JavaThread "Unknown thread" [_thread_in_vm, id=42316, stack(0x0000000002800000,0x0000000002900000)]

VM state:not at safepoint (normal execution)

VM Mutex/Monitor currently owned by a thread: None

Heap:
 PSYoungGen      total 4608K, used 81K [0x00000000ffb00000, 0x0000000100000000, 0x0000000100000000)
  eden space 4096K, 2% used [0x00000000ffb00000,0x00000000ffb147b8,0x00000000fff00000)
  from space 512K, 0% used [0x00000000fff80000,0x00000000fff80000,0x0000000100000000)
  to   space 512K, 0% used [0x00000000fff00000,0x00000000fff00000,0x00000000fff80000)
 ParOldGen       total 11264K, used 0K [0x00000000ff000000, 0x00000000ffb00000, 0x00000000ffb00000)
  object space 11264K, 0% used [0x00000000ff000000,0x00000000ff000000,0x00000000ffb00000)
 Metaspace       used 766K, capacity 4480K, committed 4480K, reserved 1056768K
  class space    used 75K, capacity 384K, committed 384K, reserved 1048576K

Card table byte_map: [0x0000000000fb0000,0x0000000000fc0000] byte_map_base: 0x00000000007b8000

Marking Bits: (ParMarkBitMap*) 0x0000000053834040
 Begin Bits: [0x0000000002960000, 0x00000000029a0000)
 End Bits:   [0x00000000029a0000, 0x00000000029e0000)

Polling page: 0x0000000000a30000

CodeCache: size=245760Kb used=327Kb max_used=327Kb free=245432Kb
 bounds [0x0000000002b00000, 0x0000000002d70000, 0x0000000011b00000]
 total_blobs=56 nmethods=0 adapters=37
 compilation: enabled

Compilation events (0 events):
No events

GC Heap History (0 events):
No events

Deoptimization events (0 events):
No events

Internal exceptions (0 events):
No events

Events (10 events):
Event: 0.030 loading class java/lang/Short
Event: 0.030 loading class java/lang/Short done
Event: 0.030 loading class java/lang/Integer
Event: 0.030 loading class java/lang/Integer done
Event: 0.030 loading class java/lang/Long
Event: 0.030 loading class java/lang/Long done
Event: 0.031 loading class java/lang/NullPointerException
Event: 0.031 loading class java/lang/NullPointerException done
Event: 0.031 loading class java/lang/ArithmeticException
Event: 0.031 loading class java/lang/ArithmeticException done


Dynamic libraries:
0x00007ff62f440000 - 0x00007ff62f477000 	C:\Program Files\Java\jdk1.8.0_45\bin\javaw.exe
0x00007ff8a1980000 - 0x00007ff8a1be9000 	C:\WINDOWS\SYSTEM32\ntdll.dll
0x00007ff8a05f0000 - 0x00007ff8a06b9000 	C:\WINDOWS\System32\KERNEL32.DLL
0x00007ff89edd0000 - 0x00007ff89f1c3000 	C:\WINDOWS\System32\KERNELBASE.dll
0x00007ff8a0290000 - 0x00007ff8a0344000 	C:\WINDOWS\System32\ADVAPI32.dll
0x00007ff8a12d0000 - 0x00007ff8a1379000 	C:\WINDOWS\System32\msvcrt.dll
0x00007ff8a0540000 - 0x00007ff8a05e6000 	C:\WINDOWS\System32\sechost.dll
0x00007ff8a00e0000 - 0x00007ff8a01f8000 	C:\WINDOWS\System32\RPCRT4.dll
0x00007ff8a1070000 - 0x00007ff8a1234000 	C:\WINDOWS\System32\USER32.dll
0x00007ff89f690000 - 0x00007ff89f6b7000 	C:\WINDOWS\System32\win32u.dll
0x00007ff8a1520000 - 0x00007ff8a154b000 	C:\WINDOWS\System32\GDI32.dll
0x00007ff89f330000 - 0x00007ff89f45d000 	C:\WINDOWS\System32\gdi32full.dll
0x00007ff89f5e0000 - 0x00007ff89f683000 	C:\WINDOWS\System32\msvcp_win.dll
0x00007ff89eb10000 - 0x00007ff89ec5b000 	C:\WINDOWS\System32\ucrtbase.dll
0x00007ff88e320000 - 0x00007ff88e5b3000 	C:\WINDOWS\WinSxS\amd64_microsoft.windows.common-controls_6595b64144ccf1df_6.0.26100.5074_none_3e0d6f78e32fd63f\COMCTL32.dll
0x00007ff89fb60000 - 0x00007ff89fb8f000 	C:\WINDOWS\System32\IMM32.DLL
0x000000005c680000 - 0x000000005c752000 	C:\Program Files\Java\jdk1.8.0_45\jre\bin\msvcr100.dll
0x0000000053030000 - 0x00000000538b3000 	C:\Program Files\Java\jdk1.8.0_45\jre\bin\server\jvm.dll
0x00007ff8a0280000 - 0x00007ff8a0288000 	C:\WINDOWS\System32\PSAPI.DLL
0x00007ff896ee0000 - 0x00007ff896f15000 	C:\WINDOWS\SYSTEM32\WINMM.dll
0x00007ff896f20000 - 0x00007ff896f2b000 	C:\WINDOWS\SYSTEM32\VERSION.dll
0x00007ff8822b0000 - 0x00007ff8822ba000 	C:\WINDOWS\SYSTEM32\WSOCK32.dll
0x00007ff8a1550000 - 0x00007ff8a15c4000 	C:\WINDOWS\System32\WS2_32.dll
0x000000005d3b0000 - 0x000000005d3bf000 	C:\Program Files\Java\jdk1.8.0_45\jre\bin\verify.dll
0x000000005c650000 - 0x000000005c679000 	C:\Program Files\Java\jdk1.8.0_45\jre\bin\java.dll
0x000000005c630000 - 0x000000005c646000 	C:\Program Files\Java\jdk1.8.0_45\jre\bin\zip.dll
0x00007ff89c2c0000 - 0x00007ff89c502000 	C:\WINDOWS\SYSTEM32\dbghelp.dll
0x00007ff89f7e0000 - 0x00007ff89fb5b000 	C:\WINDOWS\System32\combase.dll
0x00007ff8a1440000 - 0x00007ff8a1517000 	C:\WINDOWS\System32\OLEAUT32.dll
0x00007ff89f290000 - 0x00007ff89f329000 	C:\WINDOWS\System32\bcryptPrimitives.dll

VM Arguments:
jvm_args: -Xmx16m 
java_command: org.eclipse.jdt.internal.launching.support.LibraryDetector
java_class_path (initial): C:\Users\ADMIN\AppData\Roaming\Cursor\User\globalStorage\redhat.java\1.50.0\config_win\org.eclipse.osgi\57\0\.cp\lib\launchingsupport.jar
Launcher Type: SUN_STANDARD

Environment Variables:
JAVA_HOME=C:\Program Files\Java\jdk-17.0.10
USERNAME=ADMIN
OS=Windows_NT
PROCESSOR_IDENTIFIER=AMD64 Family 23 Model 96 Stepping 1, AuthenticAMD



---------------  S Y S T E M  ---------------

OS: Windows 10.0 , 64 bit Build 26100 (10.0.26100.5074)

CPU:total 16 (16 cores per cpu, 1 threads per core) family 23 model 96 stepping 1, cmov, cx8, fxsr, mmx, sse, sse2, sse3, ssse3, sse4.1, sse4.2, popcnt, avx, avx2, aes, clmul, mmxext, 3dnowpref, lzcnt, sse4a, tsc, tscinvbit, tscinv, bmi1

Memory: 4k page, physical 16170096k(396560k free), swap 34083824k(6128k free)

vm_info: Java HotSpot(TM) 64-Bit Server VM (25.45-b02) for windows-amd64 JRE (1.8.0_45-b15), built on Apr 30 2015 12:40:44 by "java_re" with MS VC++ 10.0 (VS2010)

time: Tue Dec 02 21:19:10 2025
elapsed time: 0 seconds (0d 0h 0m 0s)

